2023-01-18 10:10:29 notice: Please change the value of `Security.salt` in `ROOT/config/app_local.php` to a random value of at least 32 characters.
Request URL: /
Client IP: 127.0.0.1
Trace:
Cake\Error\Debugger::checkSecurityKeys() /var/www/html/social/vendor/cakephp/cakephp/src/Error/Debugger.php, line 1147
include /var/www/html/social/templates/Pages/home.php, line 98
Cake\View\View::_evaluate() /var/www/html/social/vendor/cakephp/cakephp/src/View/View.php, line 1220
Cake\View\View::_render() /var/www/html/social/vendor/cakephp/cakephp/src/View/View.php, line 1177
Cake\View\View::render() /var/www/html/social/vendor/cakephp/cakephp/src/View/View.php, line 808
Cake\Controller\Controller::render() /var/www/html/social/vendor/cakephp/cakephp/src/Controller/Controller.php, line 773
App\Controller\PagesController::display() /var/www/html/social/src/Controller/PagesController.php, line 65
Cake\Controller\Controller::invokeAction() /var/www/html/social/vendor/cakephp/cakephp/src/Controller/Controller.php, line 547
Cake\Controller\ControllerFactory::handle() /var/www/html/social/vendor/cakephp/cakephp/src/Controller/ControllerFactory.php, line 139
Cake\Controller\ControllerFactory::invoke() /var/www/html/social/vendor/cakephp/cakephp/src/Controller/ControllerFactory.php, line 114
Cake\Http\BaseApplication::handle() /var/www/html/social/vendor/cakephp/cakephp/src/Http/BaseApplication.php, line 320
Cake\Http\Runner::handle() /var/www/html/social/vendor/cakephp/cakephp/src/Http/Runner.php, line 77
Cake\Http\Middleware\CsrfProtectionMiddleware::process() /var/www/html/social/vendor/cakephp/cakephp/src/Http/Middleware/CsrfProtectionMiddleware.php, line 164
Cake\Http\Runner::handle() /var/www/html/social/vendor/cakephp/cakephp/src/Http/Runner.php, line 73
Cake\Http\Middleware\BodyParserMiddleware::process() /var/www/html/social/vendor/cakephp/cakephp/src/Http/Middleware/BodyParserMiddleware.php, line 157
Cake\Http\Runner::handle() /var/www/html/social/vendor/cakephp/cakephp/src/Http/Runner.php, line 73
Cake\Routing\Middleware\RoutingMiddleware::process() /var/www/html/social/vendor/cakephp/cakephp/src/Routing/Middleware/RoutingMiddleware.php, line 186
Cake\Http\Runner::handle() /var/www/html/social/vendor/cakephp/cakephp/src/Http/Runner.php, line 73
Cake\Routing\Middleware\AssetMiddleware::process() /var/www/html/social/vendor/cakephp/cakephp/src/Routing/Middleware/AssetMiddleware.php, line 68
Cake\Http\Runner::handle() /var/www/html/social/vendor/cakephp/cakephp/src/Http/Runner.php, line 73
Cake\Error\Middleware\ErrorHandlerMiddleware::process() /var/www/html/social/vendor/cakephp/cakephp/src/Error/Middleware/ErrorHandlerMiddleware.php, line 131
Cake\Http\Runner::handle() /var/www/html/social/vendor/cakephp/cakephp/src/Http/Runner.php, line 73
DebugKit\Middleware\DebugKitMiddleware::process() /var/www/html/social/vendor/cakephp/debug_kit/src/Middleware/DebugKitMiddleware.php, line 60
Cake\Http\Runner::handle() /var/www/html/social/vendor/cakephp/cakephp/src/Http/Runner.php, line 73
Cake\Http\Runner::run() /var/www/html/social/vendor/cakephp/cakephp/src/Http/Runner.php, line 58
Cake\Http\Server::run() /var/www/html/social/vendor/cakephp/cakephp/src/Http/Server.php, line 90
[main] /var/www/html/social/webroot/index.php, line 40

